Reading netlist file: "/home/qik/Documents/CHIP8/fpga_v2/impl/gwsynthesis/fpga_v2.vg"
Parsing netlist file "/home/qik/Documents/CHIP8/fpga_v2/impl/gwsynthesis/fpga_v2.vg" completed
Processing netlist completed
Reading constraint file: "/home/qik/Documents/CHIP8/fpga_v2/src/test.cst"
Physical Constraint parsed completed
Running placement......
[10%] Placement Phase 0 completed
[20%] Placement Phase 1 completed
[30%] Placement Phase 2 completed
[50%] Placement Phase 3 completed
Running routing......
[60%] Routing Phase 0 completed
[70%] Routing Phase 1 completed
[80%] Routing Phase 2 completed
[90%] Routing Phase 3 completed
Running timing analysis......
[95%] Timing analysis completed
Placement and routing completed
Bitstream generation in progress......
Bitstream generation completed
Running power analysis......
[100%] Power analysis completed
Generate file "/home/qik/Documents/CHIP8/fpga_v2/impl/pnr/fpga_v2.power.html" completed
Generate file "/home/qik/Documents/CHIP8/fpga_v2/impl/pnr/fpga_v2.pin.html" completed
Generate file "/home/qik/Documents/CHIP8/fpga_v2/impl/pnr/fpga_v2.rpt.html" completed
Generate file "/home/qik/Documents/CHIP8/fpga_v2/impl/pnr/fpga_v2.rpt.txt" completed
Generate file "/home/qik/Documents/CHIP8/fpga_v2/impl/pnr/fpga_v2.tr.html" completed
Tue Apr 14 15:12:47 2026

